2024-10-17 16:01:06,042:INFO:Starting CoinStats to Supabase sync.
2024-10-17 16:01:06,045:ERROR:Error fetching coins: Invalid URL 'None': No scheme supplied. Perhaps you meant https://None?
2024-10-17 16:01:06,045:WARNING:No coins fetched
2024-10-17 16:01:06,045:INFO:CoinStats to Supabase sync completed
2024-10-17 16:06:41,366:INFO:Starting CoinStats to Supabase sync.
2024-10-17 16:06:41,368:ERROR:Error fetching coins: Invalid URL 'None': No scheme supplied. Perhaps you meant https://None?
2024-10-17 16:06:41,368:WARNING:No coins fetched
2024-10-17 16:06:41,369:INFO:CoinStats to Supabase sync completed
2024-10-17 16:07:28,993:INFO:Starting CoinStats to Supabase sync.
2024-10-17 16:07:28,997:ERROR:Error fetching coins: Invalid URL 'None': No scheme supplied. Perhaps you meant https://None?
2024-10-17 16:07:28,997:WARNING:No coins fetched
2024-10-17 16:07:28,997:INFO:CoinStats to Supabase sync completed
2024-10-17 16:08:18,185:INFO:Starting CoinStats to Supabase sync.
2024-10-17 16:08:18,187:ERROR:Error fetching coins: Invalid URL 'None': No scheme supplied. Perhaps you meant https://None?
2024-10-17 16:08:18,187:WARNING:No coins fetched
2024-10-17 16:08:18,188:INFO:CoinStats to Supabase sync completed
2024-10-17 16:13:01,227:INFO:Starting CoinStats to Supabase sync.
2024-10-17 16:13:03,277:ERROR:Error fetching coins: 401 Client Error: Unauthorized for url: https://openapiv1.coinstats.app/coins?page=1&limit=160
2024-10-17 16:13:03,278:WARNING:No coins fetched
2024-10-17 16:13:03,278:INFO:CoinStats to Supabase sync completed
2024-10-17 16:13:53,000:INFO:Starting CoinStats to Supabase sync.
2024-10-17 16:13:53,387:ERROR:Error fetching coins: 401 Client Error: Unauthorized for url: https://openapiv1.coinstats.app/coins?page=1&limit=160
2024-10-17 16:13:53,388:WARNING:No coins fetched
2024-10-17 16:13:53,388:INFO:CoinStats to Supabase sync completed
2024-10-17 16:16:25,549:INFO:Starting CoinStats to Supabase sync.
2024-10-17 16:16:26,005:ERROR:Error fetching coins: 401 Client Error: Unauthorized for url: https://openapiv1.coinstats.app/coins?page=1&limit=1000
2024-10-17 16:16:26,006:WARNING:No coins fetched
2024-10-17 16:16:26,006:INFO:CoinStats to Supabase sync completed
2024-10-17 16:17:56,221:INFO:Starting CoinStats to Supabase sync.
2024-10-17 16:17:56,600:ERROR:Error fetching coins: 401 Client Error: Unauthorized for url: https://openapiv1.coinstats.app/coins?page=1&limit=1000
2024-10-17 16:17:56,600:WARNING:No coins fetched
2024-10-17 16:17:56,600:INFO:CoinStats to Supabase sync completed
2024-10-17 16:19:17,711:INFO:Starting CoinStats to Supabase sync.
2024-10-17 16:19:18,663:INFO:Fetched 1000 coins successfully.
2024-10-17 16:19:18,800:ERROR:Error upserting batch starting at index 0: 401 Client Error: Unauthorized for url: https://lgntwdaqnwpvzgqfgiyx.supabase.co/rest/v1/crypto_coins
2024-10-17 16:19:18,862:ERROR:Error upserting batch starting at index 100: 401 Client Error: Unauthorized for url: https://lgntwdaqnwpvzgqfgiyx.supabase.co/rest/v1/crypto_coins
2024-10-17 16:19:18,921:ERROR:Error upserting batch starting at index 200: 401 Client Error: Unauthorized for url: https://lgntwdaqnwpvzgqfgiyx.supabase.co/rest/v1/crypto_coins
2024-10-17 16:19:18,965:ERROR:Error upserting batch starting at index 300: 401 Client Error: Unauthorized for url: https://lgntwdaqnwpvzgqfgiyx.supabase.co/rest/v1/crypto_coins
2024-10-17 16:19:19,023:ERROR:Error upserting batch starting at index 400: 401 Client Error: Unauthorized for url: https://lgntwdaqnwpvzgqfgiyx.supabase.co/rest/v1/crypto_coins
2024-10-17 16:19:19,080:ERROR:Error upserting batch starting at index 500: 401 Client Error: Unauthorized for url: https://lgntwdaqnwpvzgqfgiyx.supabase.co/rest/v1/crypto_coins
2024-10-17 16:19:19,139:ERROR:Error upserting batch starting at index 600: 401 Client Error: Unauthorized for url: https://lgntwdaqnwpvzgqfgiyx.supabase.co/rest/v1/crypto_coins
2024-10-17 16:19:19,185:ERROR:Error upserting batch starting at index 700: 401 Client Error: Unauthorized for url: https://lgntwdaqnwpvzgqfgiyx.supabase.co/rest/v1/crypto_coins
2024-10-17 16:19:19,225:ERROR:Error upserting batch starting at index 800: 401 Client Error: Unauthorized for url: https://lgntwdaqnwpvzgqfgiyx.supabase.co/rest/v1/crypto_coins
2024-10-17 16:19:19,264:ERROR:Error upserting batch starting at index 900: 401 Client Error: Unauthorized for url: https://lgntwdaqnwpvzgqfgiyx.supabase.co/rest/v1/crypto_coins
2024-10-17 16:19:19,264:INFO:CoinStats to Supabase sync completed
2024-10-17 16:21:40,131:INFO:Starting CoinStats to Supabase sync.
2024-10-17 16:21:42,327:INFO:Fetched 1000 coins successfully.
2024-10-17 16:21:42,642:ERROR:Error upserting batch starting at index 0: 401 Client Error: Unauthorized for url: https://lgntwdaqnwpvzgqfgiyx.supabase.co/rest/v1/crypto_coins
2024-10-17 16:21:42,843:ERROR:Error upserting batch starting at index 100: 401 Client Error: Unauthorized for url: https://lgntwdaqnwpvzgqfgiyx.supabase.co/rest/v1/crypto_coins
2024-10-17 16:21:43,029:ERROR:Error upserting batch starting at index 200: 401 Client Error: Unauthorized for url: https://lgntwdaqnwpvzgqfgiyx.supabase.co/rest/v1/crypto_coins
2024-10-17 16:21:43,225:ERROR:Error upserting batch starting at index 300: 401 Client Error: Unauthorized for url: https://lgntwdaqnwpvzgqfgiyx.supabase.co/rest/v1/crypto_coins
2024-10-17 16:21:43,435:ERROR:Error upserting batch starting at index 400: 401 Client Error: Unauthorized for url: https://lgntwdaqnwpvzgqfgiyx.supabase.co/rest/v1/crypto_coins
2024-10-17 16:21:43,610:ERROR:Error upserting batch starting at index 500: 401 Client Error: Unauthorized for url: https://lgntwdaqnwpvzgqfgiyx.supabase.co/rest/v1/crypto_coins
2024-10-17 16:21:43,802:ERROR:Error upserting batch starting at index 600: 401 Client Error: Unauthorized for url: https://lgntwdaqnwpvzgqfgiyx.supabase.co/rest/v1/crypto_coins
2024-10-17 16:21:44,015:ERROR:Error upserting batch starting at index 700: 401 Client Error: Unauthorized for url: https://lgntwdaqnwpvzgqfgiyx.supabase.co/rest/v1/crypto_coins
2024-10-17 16:21:44,211:ERROR:Error upserting batch starting at index 800: 401 Client Error: Unauthorized for url: https://lgntwdaqnwpvzgqfgiyx.supabase.co/rest/v1/crypto_coins
2024-10-17 16:21:44,405:ERROR:Error upserting batch starting at index 900: 401 Client Error: Unauthorized for url: https://lgntwdaqnwpvzgqfgiyx.supabase.co/rest/v1/crypto_coins
2024-10-17 16:21:44,405:INFO:CoinStats to Supabase sync completed
2024-10-17 16:24:19,093:INFO:Starting CoinStats to Supabase sync.
2024-10-17 16:24:19,387:INFO:Fetched 1000 coins successfully.
2024-10-17 16:24:19,658:ERROR:Error upserting batch starting at index 0: 401 Client Error: Unauthorized for url: https://lgntwdaqnwpvzgqfgiyx.supabase.co/rest/v1/crypto_coins
2024-10-17 16:24:19,870:ERROR:Error upserting batch starting at index 100: 401 Client Error: Unauthorized for url: https://lgntwdaqnwpvzgqfgiyx.supabase.co/rest/v1/crypto_coins
2024-10-17 16:24:20,055:ERROR:Error upserting batch starting at index 200: 401 Client Error: Unauthorized for url: https://lgntwdaqnwpvzgqfgiyx.supabase.co/rest/v1/crypto_coins
2024-10-17 16:24:20,259:ERROR:Error upserting batch starting at index 300: 401 Client Error: Unauthorized for url: https://lgntwdaqnwpvzgqfgiyx.supabase.co/rest/v1/crypto_coins
2024-10-17 16:24:20,438:ERROR:Error upserting batch starting at index 400: 401 Client Error: Unauthorized for url: https://lgntwdaqnwpvzgqfgiyx.supabase.co/rest/v1/crypto_coins
2024-10-17 16:24:20,631:ERROR:Error upserting batch starting at index 500: 401 Client Error: Unauthorized for url: https://lgntwdaqnwpvzgqfgiyx.supabase.co/rest/v1/crypto_coins
2024-10-17 16:24:20,824:ERROR:Error upserting batch starting at index 600: 401 Client Error: Unauthorized for url: https://lgntwdaqnwpvzgqfgiyx.supabase.co/rest/v1/crypto_coins
2024-10-17 16:24:21,038:ERROR:Error upserting batch starting at index 700: 401 Client Error: Unauthorized for url: https://lgntwdaqnwpvzgqfgiyx.supabase.co/rest/v1/crypto_coins
2024-10-17 16:24:21,222:ERROR:Error upserting batch starting at index 800: 401 Client Error: Unauthorized for url: https://lgntwdaqnwpvzgqfgiyx.supabase.co/rest/v1/crypto_coins
2024-10-17 16:24:21,402:ERROR:Error upserting batch starting at index 900: 401 Client Error: Unauthorized for url: https://lgntwdaqnwpvzgqfgiyx.supabase.co/rest/v1/crypto_coins
2024-10-17 16:24:21,402:INFO:CoinStats to Supabase sync completed
2024-10-17 16:25:08,224:INFO:Starting CoinStats to Supabase sync.
2024-10-17 16:25:09,334:INFO:Fetched 1000 coins successfully.
2024-10-17 16:25:09,335:ERROR:Error upserting batch starting at index 0: Invalid leading whitespace, reserved character(s), or return character(s) in header name: 'Authorization:'
2024-10-17 16:25:09,337:ERROR:Error upserting batch starting at index 100: Invalid leading whitespace, reserved character(s), or return character(s) in header name: 'Authorization:'
2024-10-17 16:25:09,337:ERROR:Error upserting batch starting at index 200: Invalid leading whitespace, reserved character(s), or return character(s) in header name: 'Authorization:'
2024-10-17 16:25:09,338:ERROR:Error upserting batch starting at index 300: Invalid leading whitespace, reserved character(s), or return character(s) in header name: 'Authorization:'
2024-10-17 16:25:09,338:ERROR:Error upserting batch starting at index 400: Invalid leading whitespace, reserved character(s), or return character(s) in header name: 'Authorization:'
2024-10-17 16:25:09,339:ERROR:Error upserting batch starting at index 500: Invalid leading whitespace, reserved character(s), or return character(s) in header name: 'Authorization:'
2024-10-17 16:25:09,339:ERROR:Error upserting batch starting at index 600: Invalid leading whitespace, reserved character(s), or return character(s) in header name: 'Authorization:'
2024-10-17 16:25:09,340:ERROR:Error upserting batch starting at index 700: Invalid leading whitespace, reserved character(s), or return character(s) in header name: 'Authorization:'
2024-10-17 16:25:09,340:ERROR:Error upserting batch starting at index 800: Invalid leading whitespace, reserved character(s), or return character(s) in header name: 'Authorization:'
2024-10-17 16:25:09,341:ERROR:Error upserting batch starting at index 900: Invalid leading whitespace, reserved character(s), or return character(s) in header name: 'Authorization:'
2024-10-17 16:25:09,341:INFO:CoinStats to Supabase sync completed
2024-10-17 16:27:22,776:INFO:Starting CoinStats to Supabase sync.
2024-10-17 16:27:23,067:INFO:Fetched 1000 coins successfully.
2024-10-17 16:27:23,340:ERROR:Error upserting batch starting at index 0: 401 Client Error: Unauthorized for url: https://lgntwdaqnwpvzgqfgiyx.supabase.co/rest/v1/crypto_coins
2024-10-17 16:27:23,526:ERROR:Error upserting batch starting at index 100: 401 Client Error: Unauthorized for url: https://lgntwdaqnwpvzgqfgiyx.supabase.co/rest/v1/crypto_coins
2024-10-17 16:27:23,703:ERROR:Error upserting batch starting at index 200: 401 Client Error: Unauthorized for url: https://lgntwdaqnwpvzgqfgiyx.supabase.co/rest/v1/crypto_coins
2024-10-17 16:27:23,896:ERROR:Error upserting batch starting at index 300: 401 Client Error: Unauthorized for url: https://lgntwdaqnwpvzgqfgiyx.supabase.co/rest/v1/crypto_coins
2024-10-17 16:27:24,081:ERROR:Error upserting batch starting at index 400: 401 Client Error: Unauthorized for url: https://lgntwdaqnwpvzgqfgiyx.supabase.co/rest/v1/crypto_coins
2024-10-17 16:27:24,268:ERROR:Error upserting batch starting at index 500: 401 Client Error: Unauthorized for url: https://lgntwdaqnwpvzgqfgiyx.supabase.co/rest/v1/crypto_coins
2024-10-17 16:27:24,449:ERROR:Error upserting batch starting at index 600: 401 Client Error: Unauthorized for url: https://lgntwdaqnwpvzgqfgiyx.supabase.co/rest/v1/crypto_coins
2024-10-17 16:27:24,633:ERROR:Error upserting batch starting at index 700: 401 Client Error: Unauthorized for url: https://lgntwdaqnwpvzgqfgiyx.supabase.co/rest/v1/crypto_coins
2024-10-17 16:27:24,825:ERROR:Error upserting batch starting at index 800: 401 Client Error: Unauthorized for url: https://lgntwdaqnwpvzgqfgiyx.supabase.co/rest/v1/crypto_coins
2024-10-17 16:27:25,024:ERROR:Error upserting batch starting at index 900: 401 Client Error: Unauthorized for url: https://lgntwdaqnwpvzgqfgiyx.supabase.co/rest/v1/crypto_coins
2024-10-17 16:27:25,024:INFO:CoinStats to Supabase sync completed
2024-10-17 16:32:18,259:INFO:Starting CoinStats to Supabase sync.
2024-10-17 16:32:19,677:INFO:Fetched 1000 coins successfully.
2024-10-17 16:32:19,976:ERROR:Error upserting batch starting at index 0: 401 Client Error: Unauthorized for url: https://lgntwdaqnwpvzgqfgiyx.supabase.co/rest/v1/crypto_coins
2024-10-17 16:32:20,224:ERROR:Error upserting batch starting at index 100: 401 Client Error: Unauthorized for url: https://lgntwdaqnwpvzgqfgiyx.supabase.co/rest/v1/crypto_coins
2024-10-17 16:32:20,423:ERROR:Error upserting batch starting at index 200: 401 Client Error: Unauthorized for url: https://lgntwdaqnwpvzgqfgiyx.supabase.co/rest/v1/crypto_coins
2024-10-17 16:32:20,643:ERROR:Error upserting batch starting at index 300: 401 Client Error: Unauthorized for url: https://lgntwdaqnwpvzgqfgiyx.supabase.co/rest/v1/crypto_coins
2024-10-17 16:32:20,841:ERROR:Error upserting batch starting at index 400: 401 Client Error: Unauthorized for url: https://lgntwdaqnwpvzgqfgiyx.supabase.co/rest/v1/crypto_coins
2024-10-17 16:32:21,037:ERROR:Error upserting batch starting at index 500: 401 Client Error: Unauthorized for url: https://lgntwdaqnwpvzgqfgiyx.supabase.co/rest/v1/crypto_coins
2024-10-17 16:32:21,218:ERROR:Error upserting batch starting at index 600: 401 Client Error: Unauthorized for url: https://lgntwdaqnwpvzgqfgiyx.supabase.co/rest/v1/crypto_coins
2024-10-17 16:32:21,437:ERROR:Error upserting batch starting at index 700: 401 Client Error: Unauthorized for url: https://lgntwdaqnwpvzgqfgiyx.supabase.co/rest/v1/crypto_coins
2024-10-17 16:32:21,627:ERROR:Error upserting batch starting at index 800: 401 Client Error: Unauthorized for url: https://lgntwdaqnwpvzgqfgiyx.supabase.co/rest/v1/crypto_coins
2024-10-17 16:32:21,823:ERROR:Error upserting batch starting at index 900: 401 Client Error: Unauthorized for url: https://lgntwdaqnwpvzgqfgiyx.supabase.co/rest/v1/crypto_coins
2024-10-17 16:32:21,824:INFO:CoinStats to Supabase sync completed
2024-10-17 16:35:01,292:INFO:Starting CoinStats to Supabase sync.
2024-10-17 16:35:07,035:INFO:Fetched 1000 coins successfully.
2024-10-17 16:35:07,360:INFO:Upserted batch of 100 coins
2024-10-17 16:35:07,602:INFO:Upserted batch of 100 coins
2024-10-17 16:35:07,823:INFO:Upserted batch of 100 coins
2024-10-17 16:35:08,060:INFO:Upserted batch of 100 coins
2024-10-17 16:35:08,174:INFO:Upserted batch of 100 coins
2024-10-17 16:35:08,295:INFO:Upserted batch of 100 coins
2024-10-17 16:35:08,524:INFO:Upserted batch of 100 coins
2024-10-17 16:35:08,747:INFO:Upserted batch of 100 coins
2024-10-17 16:35:08,964:INFO:Upserted batch of 100 coins
2024-10-17 16:35:09,075:INFO:Upserted batch of 100 coins
2024-10-17 16:35:09,075:INFO:CoinStats to Supabase sync completed
